Microsoft HTML Help Compiler 4.74.8702

Compiling h:\ScopeTransfer\Documentation\HelpFile.chm


Compile time: 0 minutes, 2 seconds
2	Topics
4	Local links
0	Internet links
0	Graphics


Created h:\ScopeTransfer\Documentation\HelpFile.chm, 11,394 bytes
Compression increased file by 8,343 bytes.
Microsoft HTML Help Compiler 4.74.8702

Compiling h:\ScopeTransfer\Documentation\HelpFile.chm


Compile time: 0 minutes, 0 seconds
3	Topics
6	Local links
0	Internet links
1	Graphic


Created h:\ScopeTransfer\Documentation\HelpFile.chm, 43,930 bytes
Compression increased file by 5,254 bytes.
Microsoft HTML Help Compiler 4.74.8702

Compiling h:\ScopeTransfer\Documentation\HelpFile.chm


Compile time: 0 minutes, 0 seconds
3	Topics
6	Local links
0	Internet links
1	Graphic


Created h:\ScopeTransfer\Documentation\HelpFile.chm, 30,906 bytes
Compression increased file by 8,103 bytes.
Microsoft HTML Help Compiler 4.74.8702

Compiling h:\ScopeTransfer\Documentation\HelpFile.chm


Compile time: 0 minutes, 0 seconds
3	Topics
6	Local links
0	Internet links
1	Graphic


Created h:\ScopeTransfer\Documentation\HelpFile.chm, 45,672 bytes
Compression increased file by 7,567 bytes.
